<?xml version="1.0" encoding="UTF-8"?>
<testng-results ignored="0" total="1" passed="1" failed="0" skipped="0">
  <reporter-output>
  </reporter-output>
  <suite started-at="2022-12-21T21:50:33 IST" name="Default suite" finished-at="2022-12-21T21:50:42 IST" duration-ms="8789">
    <groups>
    </groups>
    <test started-at="2022-12-21T21:50:33 IST" name="Default test" finished-at="2022-12-21T21:50:42 IST" duration-ms="8789">
      <class name="selenium_basics.Webdriver_Methods">
        <test-method is-config="true" signature="setUp()[pri:0, instance:selenium_basics.Webdriver_Methods@23c30a20]" started-at="2022-12-21T21:50:34 IST" name="setUp" finished-at="2022-12-21T21:50:37 IST" duration-ms="3920" status="PASS">
          <reporter-output>
          </reporter-output>
        </test-method> <!-- setUp -->
        <test-method signature="webDriverMethods()[pri:0, instance:selenium_basics.Webdriver_Methods@23c30a20]" started-at="2022-12-21T21:50:37 IST" name="webDriverMethods" finished-at="2022-12-21T21:50:42 IST" duration-ms="4804" status="PASS">
          <reporter-output>
          </reporter-output>
        </test-method> <!-- webDriverMethods -->
      </class> <!-- selenium_basics.Webdriver_Methods -->
    </test> <!-- Default test -->
  </suite> <!-- Default suite -->
</testng-results>
